c:\users\administrador\desktop\gameengine\clase-13-08\enginedll\debug\vc141.pdb
c:\users\administrador\desktop\gameengine\clase-13-08\enginedll\debug\vc141.idb
c:\users\administrador\desktop\gameengine\clase-13-08\enginedll\debug\window.obj
c:\users\administrador\desktop\gameengine\clase-13-08\enginedll\debug\triangle.obj
c:\users\administrador\desktop\gameengine\clase-13-08\enginedll\debug\tilemapmanager.obj
c:\users\administrador\desktop\gameengine\clase-13-08\enginedll\debug\square.obj
c:\users\administrador\desktop\gameengine\clase-13-08\enginedll\debug\sprite.obj
c:\users\administrador\desktop\gameengine\clase-13-08\enginedll\debug\shape.obj
c:\users\administrador\desktop\gameengine\clase-13-08\enginedll\debug\renderer.obj
c:\users\administrador\desktop\gameengine\clase-13-08\enginedll\debug\material.obj
c:\users\administrador\desktop\gameengine\clase-13-08\enginedll\debug\gamebase.obj
c:\users\administrador\desktop\gameengine\clase-13-08\enginedll\debug\entity.obj
c:\users\administrador\desktop\gameengine\clase-13-08\enginedll\debug\collisionmanager.obj
c:\users\administrador\desktop\gameengine\clase-13-08\enginedll\debug\circle.obj
c:\users\administrador\desktop\gameengine\clase-13-08\enginedll\debug\camera.obj
c:\users\administrador\desktop\gameengine\clase-13-08\enginedll\debug\boxcollider.obj
c:\users\administrador\desktop\gameengine\clase-13-08\enginedll\debug\avatar.obj
c:\users\administrador\desktop\gameengine\clase-13-08\enginedll\debug\animator.obj
c:\users\administrador\desktop\gameengine\clase-13-08\enginedll\debug\mesh.obj
c:\users\administrador\desktop\gameengine\clase-13-08\debug\enginedll.lib
c:\users\administrador\desktop\gameengine\clase-13-08\debug\enginedll.exp
c:\users\administrador\desktop\gameengine\clase-13-08\debug\enginedll.dll
c:\users\administrador\desktop\gameengine\clase-13-08\debug\enginedll.ilk
c:\users\administrador\desktop\gameengine\clase-13-08\debug\enginedll.pdb
c:\users\administrador\pictures\gameengine\clase-13-08\enginedll\debug\animator.obj
c:\users\administrador\pictures\gameengine\clase-13-08\enginedll\debug\avatar.obj
c:\users\administrador\pictures\gameengine\clase-13-08\enginedll\debug\boxcollider.obj
c:\users\administrador\pictures\gameengine\clase-13-08\enginedll\debug\camera.obj
c:\users\administrador\pictures\gameengine\clase-13-08\enginedll\debug\circle.obj
c:\users\administrador\pictures\gameengine\clase-13-08\enginedll\debug\collisionmanager.obj
c:\users\administrador\pictures\gameengine\clase-13-08\enginedll\debug\entity.obj
c:\users\administrador\pictures\gameengine\clase-13-08\enginedll\debug\gamebase.obj
c:\users\administrador\pictures\gameengine\clase-13-08\enginedll\debug\material.obj
c:\users\administrador\pictures\gameengine\clase-13-08\enginedll\debug\mesh.obj
c:\users\administrador\pictures\gameengine\clase-13-08\enginedll\debug\renderer.obj
c:\users\administrador\pictures\gameengine\clase-13-08\enginedll\debug\shape.obj
c:\users\administrador\pictures\gameengine\clase-13-08\enginedll\debug\sprite.obj
c:\users\administrador\pictures\gameengine\clase-13-08\enginedll\debug\square.obj
c:\users\administrador\pictures\gameengine\clase-13-08\enginedll\debug\tilemapmanager.obj
c:\users\administrador\pictures\gameengine\clase-13-08\enginedll\debug\triangle.obj
c:\users\administrador\pictures\gameengine\clase-13-08\enginedll\debug\window.obj
c:\users\administrador\pictures\gameengine\clase-13-08\enginedll\debug\vc141.idb
c:\users\administrador\pictures\gameengine\clase-13-08\enginedll\debug\vc141.pdb
c:\users\administrador\pictures\gameengine\clase-13-08\enginedll\debug\enginedll.tlog\cl.command.1.tlog
c:\users\administrador\pictures\gameengine\clase-13-08\enginedll\debug\enginedll.tlog\cl.read.1.tlog
c:\users\administrador\pictures\gameengine\clase-13-08\enginedll\debug\enginedll.tlog\cl.write.1.tlog
c:\users\administrador\pictures\gameengine\clase-13-08\enginedll\debug\enginedll.tlog\enginedll.write.1u.tlog
c:\users\administrador\pictures\gameengine\clase-13-08\enginedll\debug\enginedll.tlog\link.10064.delete.1.tlog
c:\users\administrador\pictures\gameengine\clase-13-08\enginedll\debug\enginedll.tlog\link.13068.delete.1.tlog
c:\users\administrador\pictures\gameengine\clase-13-08\enginedll\debug\enginedll.tlog\link.13836.delete.1.tlog
c:\users\administrador\pictures\gameengine\clase-13-08\enginedll\debug\enginedll.tlog\link.33064.delete.1.tlog
c:\users\administrador\pictures\gameengine\clase-13-08\enginedll\debug\enginedll.tlog\link.33180.delete.1.tlog
c:\users\administrador\pictures\gameengine\clase-13-08\enginedll\debug\enginedll.tlog\link.5296.delete.1.tlog
c:\users\administrador\pictures\gameengine\clase-13-08\enginedll\debug\enginedll.tlog\link.9652.delete.1.tlog
c:\users\administrador\pictures\gameengine\clase-13-08\enginedll\debug\enginedll.tlog\link.command.1.tlog
c:\users\administrador\pictures\gameengine\clase-13-08\enginedll\debug\enginedll.tlog\link.delete.1.tlog
c:\users\administrador\pictures\gameengine\clase-13-08\enginedll\debug\enginedll.tlog\link.read.1.tlog
c:\users\administrador\pictures\gameengine\clase-13-08\enginedll\debug\enginedll.tlog\link.write.1.tlog
