c:\users\diana\desktop\repos\gameengine\clase-13-08\enginedll\release\vc140.pdb
c:\users\diana\desktop\repos\gameengine\clase-13-08\enginedll\release\window.obj
c:\users\diana\desktop\repos\gameengine\clase-13-08\enginedll\release\triangle.obj
c:\users\diana\desktop\repos\gameengine\clase-13-08\enginedll\release\renderer.obj
c:\users\diana\desktop\repos\gameengine\clase-13-08\enginedll\release\material.obj
c:\users\diana\desktop\repos\gameengine\clase-13-08\enginedll\release\gamebase.obj
c:\users\diana\desktop\repos\gameengine\clase-13-08\enginedll\release\entity.obj
c:\users\diana\desktop\repos\gameengine\clase-13-08\release\enginedll.lib
c:\users\diana\desktop\repos\gameengine\clase-13-08\release\enginedll.exp
c:\users\diana\desktop\repos\gameengine\clase-13-08\release\enginedll.dll
c:\users\diana\desktop\repos\gameengine\clase-13-08\release\enginedll.ipdb
c:\users\diana\desktop\repos\gameengine\clase-13-08\release\enginedll.iobj
c:\users\diana\desktop\repos\gameengine\clase-13-08\release\enginedll.pdb
c:\users\diana\desktop\repos\gameengine\clase-13-08\enginedll\release\enginedll.tlog\cl.command.1.tlog
c:\users\diana\desktop\repos\gameengine\clase-13-08\enginedll\release\enginedll.tlog\cl.read.1.tlog
c:\users\diana\desktop\repos\gameengine\clase-13-08\enginedll\release\enginedll.tlog\cl.write.1.tlog
c:\users\diana\desktop\repos\gameengine\clase-13-08\enginedll\release\enginedll.tlog\enginedll.write.1u.tlog
c:\users\diana\desktop\repos\gameengine\clase-13-08\enginedll\release\enginedll.tlog\link.command.1.tlog
c:\users\diana\desktop\repos\gameengine\clase-13-08\enginedll\release\enginedll.tlog\link.read.1.tlog
c:\users\diana\desktop\repos\gameengine\clase-13-08\enginedll\release\enginedll.tlog\link.write.1.tlog
